name: stylechecks
run_id: install_deps
env COMSPEC: C:\WINDOWS\system32\cmd.exe
env NUMBER_OF_PROCESSORS: 8
env PATHEXT: .COM;.EXE;.BAT;.CMD;.VBS;.VBE;.JS;.JSE;.WSF;.WSH;.MSC;.CPL
env PROCESSOR_ARCHITECTURE: AMD64
env PROGRAMDATA: C:\ProgramData
env PROGRAMFILES: C:\Program Files
env PROGRAMFILES(X86): C:\Program Files (x86)
env SYSTEMDRIVE: C:
env SYSTEMROOT: C:\WINDOWS
env TEMP: C:\Users\jcr693\AppData\Local\Temp
env TMP: C:\Users\jcr693\AppData\Local\Temp
env USERPROFILE: C:\Users\jcr693
env LANG: en_US.UTF-8
env PATH: C:\Users\jcr693\Documents\GitHub\analitica_escalable\library\.tox\test_package\Scripts;C:\ProgramFiles\Anaconda3\envs\ae;C:\ProgramFiles\Anaconda3\envs\ae\Library\mingw-w64\bin;C:\ProgramFiles\Anaconda3\envs\ae\Library\usr\bin;C:\ProgramFiles\Anaconda3\envs\ae\Library\bin;C:\ProgramFiles\Anaconda3\envs\ae\Scripts;C:\ProgramFiles\Anaconda3\envs\ae\bin;C:\ProgramFiles\Anaconda3\condabin;C:\Program Files (x86)\Common Files\Oracle\Java\javapath;C:\Program Files (x86)\Common Files\Intel\Shared Libraries\redist\intel64\mpirt;C:\Program Files (x86)\Common Files\Intel\Shared Libraries\redist\intel64\compiler;C:\Program Files\AdoptOpenJDK\jdk-8.0.232.09-hotspot\bin;C:\WINDOWS\system32;C:\WINDOWS;C:\WINDOWS\System32\Wbem;C:\WINDOWS\System32\WindowsPowerShell\v1.0;C:\WINDOWS\System32\OpenSSH;C:\Program Files\Git\cmd;C:\ProgramFiles\StrawberryPerl\c\bin;C:\ProgramFiles\StrawberryPerl\perl\site\bin;C:\ProgramFiles\StrawberryPerl\perl\bin;C:\Program Files\AutoFirma\AutoFirma;C:\Program Files\Docker\Docker\resources\bin;C:\Users\jcr693\Anaconda3\Scripts;C:\Program Files\MySQL\MySQL Shell 8.0\bin;C:\Users\jcr693\AppData\Local\Microsoft\WindowsApps;C:\Users\jcr693\AppData\Local\GitHubDesktop\bin;C:\Users\jcr693\AppData\Local\Programs\MiKTeX 2.9\miktex\bin\x64;C:\ProgramFiles\Anaconda3;C:\ProgramFiles\Anaconda3\Scripts;C:\ProgramFiles\Anaconda3\Library\bin;C:\ProgramFiles\Anaconda3\Library\usr\bin;C:\Users\jcr693\AppData\Local\Programs\Microsoft VS Code\bin;c:\users\jcr693\.local\bin;.
env PYTHONHASHSEED: 1014
env PIP_DISABLE_PIP_VERSION_CHECK: 1
env PYTHONIOENCODING: utf-8
env TOX_ENV_NAME: stylechecks
env TOX_WORK_DIR: C:\Users\jcr693\Documents\GitHub\analitica_escalable\library\.tox
env TOX_ENV_DIR: C:\Users\jcr693\Documents\GitHub\analitica_escalable\library\.tox\test_package
env VIRTUAL_ENV: C:\Users\jcr693\Documents\GitHub\analitica_escalable\library\.tox\test_package
env COLUMNS: 178
env LINES: 28
metadata pid: 2756
cwd: C:\Users\jcr693\Documents\GitHub\analitica_escalable\library
allow: C:\Users\jcr693\Documents\GitHub\analitica_escalable\library\.tox\test_package\Scripts\*
cmd: pip install -r requirements/test_requirements.txt
exit_code: 1
Could not fetch URL https://pypi.org/simple/numpy/: There was a problem confirming the ssl certificate: HTTPSConnectionPool(host='pypi.org', port=443): Max retries exceeded with url: /simple/numpy/ (Caused by SSLError("Can't connect to HTTPS URL because the SSL module is not available.")) - skipping

standard error:
WARNING: pip is configured with locations that require TLS/SSL, however the ssl module in Python is not available.
WARNING: Retrying (Retry(total=4, connect=None, read=None, redirect=None, status=None)) after connection broken by 'SSLError("Can't connect to HTTPS URL because the SSL module is not available.")': /simple/numpy/
WARNING: Retrying (Retry(total=3, connect=None, read=None, redirect=None, status=None)) after connection broken by 'SSLError("Can't connect to HTTPS URL because the SSL module is not available.")': /simple/numpy/
WARNING: Retrying (Retry(total=2, connect=None, read=None, redirect=None, status=None)) after connection broken by 'SSLError("Can't connect to HTTPS URL because the SSL module is not available.")': /simple/numpy/
WARNING: Retrying (Retry(total=1, connect=None, read=None, redirect=None, status=None)) after connection broken by 'SSLError("Can't connect to HTTPS URL because the SSL module is not available.")': /simple/numpy/
WARNING: Retrying (Retry(total=0, connect=None, read=None, redirect=None, status=None)) after connection broken by 'SSLError("Can't connect to HTTPS URL because the SSL module is not available.")': /simple/numpy/
ERROR: Could not find a version that satisfies the requirement numpy==1.20.3 (from versions: none)
ERROR: No matching distribution found for numpy==1.20.3
